#
# A fatal error has been detected by the Java Runtime Environment:
#
#  SIGSEGV (0xb) at pc=0x000000010d248671, pid=3886, tid=17667
#
# JRE version: Java(TM) SE Runtime Environment (8.0_25-b17) (build 1.8.0_25-b17)
# Java VM: Java HotSpot(TM) 64-Bit Server VM (25.25-b02 mixed mode bsd-amd64 compressed oops)
# Problematic frame:
# V  [libjvm.dylib+0x222671]  DictionaryEntry::contains_protection_domain(oopDesc*) const+0x2d
#
# Failed to write core dump. Core dumps have been disabled. To enable core dumping, try "ulimit -c unlimited" before starting Java again
#
# If you would like to submit a bug report, please visit:
#   http://bugreport.sun.com/bugreport/crash.jsp
#

---------------  T H R E A D  ---------------

Current thread (0x00007feb4b839000):  JavaThread "C1 CompilerThread2" daemon [_thread_in_vm, id=17667, stack(0x0000000123fe9000,0x00000001240e9000)]

siginfo: si_signo: 11 (SIGSEGV), si_code: 0 (unknown), si_addr: 0x0000000000000000

Registers:
RAX=0x6172672f67726f4c, RBX=0x00000007803c30d0, RCX=0x0000000000000000, RDX=0x000000001705e73a
RSP=0x00000001240e7da0, RBP=0x00000001240e7db0, RSI=0x00000007803c30d0, RDI=0x00000007803ad120
R8 =0x00007feb4af11450, R9 =0x00007feb4ad28b50, R10=0xffffffff00000000, R11=0x00007feb4de4ac10
R12=0x00007feb4af11450, R13=0x000000001705e73a, R14=0x00007feb4ac221f0, R15=0x0000000120e26e40
RIP=0x000000010d248671, EFLAGS=0x0000000000010206, ERR=0x0000000000000000
  TRAPNO=0x000000000000000d

Top of Stack: (sp=0x00000001240e7da0)
0x00000001240e7da0:   00007feb4b84cc70 00007feb4ad28b50
0x00000001240e7db0:   00000001240e7dc0 000000010d2495f4
0x00000001240e7dc0:   00000001240e7de0 000000010d24879a
0x00000001240e7dd0:   00000001240e7de0 00007feb4b839000
0x00000001240e7de0:   00000001240e7e20 000000010d52d95b
0x00000001240e7df0:   00007feb4b839000 0000000120bd59e0
0x00000001240e7e00:   000000078039b240 00007feb4ad28b50
0x00000001240e7e10:   0000000120e26e40 00007feb4b839000
0x00000001240e7e20:   00000001240e7e90 000000010d1fb927
0x00000001240e7e30:   00000001240e7ed0 00007feb4de73930
0x00000001240e7e40:   0000000000000000 0000000000000001
0x00000001240e7e50:   00007feb4de73930 0000000120e26e41
0x00000001240e7e60:   00000001240e7ef0 0000000000000008
0x00000001240e7e70:   00000001240e8a98 0000000120bd59e0
0x00000001240e7e80:   0000000120bd59e0 00000001240e8a98
0x00000001240e7e90:   00000001240e7f40 000000010d184bba
0x00000001240e7ea0:   00007feb4de737d0 00000001240e7f68
0x00000001240e7eb0:   00007feb4fbfa6d0 00000001240e804f
0x00000001240e7ec0:   00007feb4de73b78 00007feb4de73e58
0x00000001240e7ed0:   0000000120bd59e0 00007feb4b839000
0x00000001240e7ee0:   0000000000000000 00007feb4c79c4d0
0x00000001240e7ef0:   00007feb4fbfbc50 00000001240e8010
0x00000001240e7f00:   00000001240e7f60 000000010d457978
0x00000001240e7f10:   0000000120bd59e0 00000001240e804f
0x00000001240e7f20:   00000001240e8a98 0000000120bd59e0
0x00000001240e7f30:   0000000000000008 00000001240e7fe8
0x00000001240e7f40:   00000001240e7fc0 000000010d18596f
0x00000001240e7f50:   00007feb4fbfa6d0 00007feb4de74158
0x00000001240e7f60:   00000001240e7f90 0000000120bd59e0
0x00000001240e7f70:   00007feb4b839000 00007feb4de74140
0x00000001240e7f80:   00007feb4de74060 0000000120bd59e0
0x00000001240e7f90:   00000001240e8000 00000001240e804f 

Instructions: (pc=0x000000010d248671)
0x000000010d248651:   49 8b 7e 10 48 8b 07 ff 90 a8 00 00 00 48 39 d8
0x000000010d248661:   75 04 b0 01 eb 1a 49 83 c6 18 eb 0a 49 8b 46 08
0x000000010d248671:   48 39 58 10 74 ec 4d 8b 36 4d 85 f6 75 ee 30 c0
0x000000010d248681:   0f b6 c0 5b 41 5e 5d c3 90 55 48 89 e5 89 37 c7 

Register to memory mapping:

RAX=0x6172672f67726f4c is an unknown value
RBX=0x00000007803c30d0 is an oop
java.security.ProtectionDomain 
 - klass: 'java/security/ProtectionDomain'
RCX=0x0000000000000000 is an unknown value
RDX=0x000000001705e73a is an unknown value
RSP=0x00000001240e7da0 is pointing into the stack for thread: 0x00007feb4b839000
RBP=0x00000001240e7db0 is pointing into the stack for thread: 0x00007feb4b839000
RSI=0x00000007803c30d0 is an oop
java.security.ProtectionDomain 
 - klass: 'java/security/ProtectionDomain'
RDI=0x00000007803ad120 is an oop
java.lang.Class 
 - klass: 'java/lang/Class'
R8 =0x00007feb4af11450 is an unknown value
R9 =0x00007feb4ad28b50 is an unknown value
R10=0xffffffff00000000 is an unknown value
R11=0x00007feb4de4ac10 is an unknown value
R12=0x00007feb4af11450 is an unknown value
R13=0x000000001705e73a is an unknown value
R14=0x00007feb4ac221f0 is an unknown value
R15=0x0000000120e26e40 is an unknown value


Stack: [0x0000000123fe9000,0x00000001240e9000],  sp=0x00000001240e7da0,  free space=1019k
Native frames: (J=compiled Java code, j=interpreted, Vv=VM code, C=native code)
V  [libjvm.dylib+0x222671]  DictionaryEntry::contains_protection_domain(oopDesc*) const+0x2d
V  [libjvm.dylib+0x2235f4]  DictionaryEntry::is_valid_protection_domain(Handle)+0x2e
V  [libjvm.dylib+0x22279a]  Dictionary::find(int, unsigned int, Symbol*, ClassLoaderData*, Handle, Thread*)+0x24
V  [libjvm.dylib+0x50795b]  SystemDictionary::find(Symbol*, Handle, Handle, Thread*)+0x9f
V  [libjvm.dylib+0x1d5927]  ConstantPool::klass_at_if_loaded(constantPoolHandle, int)+0xb7
V  [libjvm.dylib+0x15ebba]  ciEnv::get_klass_by_index_impl(constantPoolHandle, int, bool&, ciInstanceKlass*)+0xba
V  [libjvm.dylib+0x15f96f]  ciEnv::get_klass_by_index(constantPoolHandle, int, bool&, ciInstanceKlass*)+0x99
V  [libjvm.dylib+0x170274]  ciBytecodeStream::get_klass(bool&)+0x106
V  [libjvm.dylib+0xe875f]  GraphBuilder::new_instance(int)+0x2d
V  [libjvm.dylib+0xf21de]  GraphBuilder::iterate_bytecodes_for_block(int)+0x2466
V  [libjvm.dylib+0xeea9d]  GraphBuilder::iterate_all_blocks(bool)+0x6f
V  [libjvm.dylib+0xf2f81]  GraphBuilder::GraphBuilder(Compilation*, IRScope*)+0x2cd
V  [libjvm.dylib+0xf8496]  IRScope::IRScope(Compilation*, IRScope*, int, ciMethod*, int, bool)+0x154
V  [libjvm.dylib+0xf8547]  IR::IR(Compilation*, ciMethod*, int)+0x85
V  [libjvm.dylib+0xe37b7]  Compilation::build_hir()+0xa7
V  [libjvm.dylib+0xe3946]  Compilation::compile_java_method()+0x58
V  [libjvm.dylib+0xe3b6f]  Compilation::compile_method()+0x6d
V  [libjvm.dylib+0xe3d81]  Compilation::Compilation(AbstractCompiler*, ciEnv*, ciMethod*, int, BufferBlob*)+0x19f
V  [libjvm.dylib+0xe4504]  Compiler::compile_method(ciEnv*, ciMethod*, int)+0x90
V  [libjvm.dylib+0x1ac3e8]  CompileBroker::invoke_compiler_on_method(CompileTask*)+0x5b2
V  [libjvm.dylib+0x1ae4f7]  CompileBroker::compiler_thread_loop()+0x2d5
V  [libjvm.dylib+0x535ed9]  JavaThread::thread_main_inner()+0x9b
V  [libjvm.dylib+0x53761c]  JavaThread::run()+0x1c2
V  [libjvm.dylib+0x45d87e]  java_start(Thread*)+0xf6
C  [libsystem_pthread.dylib+0x3268]  _pthread_body+0x83
C  [libsystem_pthread.dylib+0x31e5]  _pthread_body+0x0
C  [libsystem_pthread.dylib+0x141d]  thread_start+0xd
C  0x0000000000000000


Current CompileTask:
C1: 677900 9996   !   3       org.gradle.internal.reflect.DirectInstantiator::newInstance (180 bytes)


---------------  P R O C E S S  ---------------

Java Threads: ( => current thread )
  0x00007feb4c283000 JavaThread "Stdin handler" [_thread_blocked, id=20763, stack(0x000000012804d000,0x000000012814d000)]
  0x00007feb4dca5800 JavaThread "Daemon worker Thread 5" [_thread_in_native, id=20251, stack(0x0000000127418000,0x0000000127518000)]
  0x00007feb4b38d800 JavaThread "Cancel handler" [_thread_blocked, id=22295, stack(0x00000001265ad000,0x00000001266ad000)]
  0x00007feb4bb4d000 JavaThread "Handler for socket connection from /127.0.0.1:63659 to /127.0.0.1:49756" [_thread_in_native, id=21267, stack(0x0000000125fd9000,0x00000001260d9000)]
  0x00007feb4f56f800 JavaThread "Daemon Thread 5" [_thread_blocked, id=19731, stack(0x0000000124c98000,0x0000000124d98000)]
  0x00007feb4db25800 JavaThread "File lock request listener" [_thread_in_native, id=22787, stack(0x0000000125ec9000,0x0000000125fc9000)]
  0x00007feb4c237800 JavaThread "Incoming local TCP Connector on port 63659" [_thread_in_native, id=19203, stack(0x0000000124b95000,0x0000000124c95000)]
  0x00007feb4c815000 JavaThread "Service Thread" daemon [_thread_blocked, id=18179, stack(0x00000001240ec000,0x00000001241ec000)]
=>0x00007feb4b839000 JavaThread "C1 CompilerThread2" daemon [_thread_in_vm, id=17667, stack(0x0000000123fe9000,0x00000001240e9000)]
  0x00007feb4c814000 JavaThread "C2 CompilerThread1" daemon [_thread_in_native, id=17155, stack(0x0000000123ee6000,0x0000000123fe6000)]
  0x00007feb4b006000 JavaThread "C2 CompilerThread0" daemon [_thread_in_native, id=16643, stack(0x0000000123de3000,0x0000000123ee3000)]
  0x00007feb4b023000 JavaThread "Signal Dispatcher" daemon [_thread_blocked, id=13331, stack(0x0000000123ce0000,0x0000000123de0000)]
  0x00007feb4c806000 JavaThread "Finalizer" daemon [_thread_blocked, id=11523, stack(0x00000001222d0000,0x00000001223d0000)]
  0x00007feb4b82c000 JavaThread "Reference Handler" daemon [_thread_blocked, id=11011, stack(0x00000001221cd000,0x00000001222cd000)]
  0x00007feb4b80a000 JavaThread "main" [_thread_blocked, id=4867, stack(0x000000010e801000,0x000000010e901000)]

Other Threads:
  0x00007feb4b021000 VMThread [stack: 0x00000001220ca000,0x00000001221ca000] [id=10499]
  0x00007feb4c809000 WatcherThread [stack: 0x00000001241ef000,0x00000001242ef000] [id=18691]

VM state:not at safepoint (normal execution)

VM Mutex/Monitor currently owned by a thread: None

Heap:
 PSYoungGen      total 308224K, used 43442K [0x00000007aab00000, 0x00000007c0000000, 0x00000007c0000000)
  eden space 269312K, 7% used [0x00000007aab00000,0x00000007abd89be8,0x00000007bb200000)
  from space 38912K, 62% used [0x00000007bda00000,0x00000007bf1e2cb0,0x00000007c0000000)
  to   space 39936K, 0% used [0x00000007bb200000,0x00000007bb200000,0x00000007bd900000)
 ParOldGen       total 173568K, used 112482K [0x0000000780000000, 0x000000078a980000, 0x00000007aab00000)
  object space 173568K, 64% used [0x0000000780000000,0x0000000786dd8860,0x000000078a980000)
 Metaspace       used 85405K, capacity 89978K, committed 90112K, reserved 1126400K
  class space    used 11835K, capacity 13505K, committed 13568K, reserved 1048576K

Card table byte_map: [0x000000011dcc3000,0x000000011dec4000] byte_map_base: 0x000000011a0c3000

Marking Bits: (ParMarkBitMap*) 0x000000010d8c3390
 Begin Bits: [0x000000011e426000, 0x000000011f426000)
 End Bits:   [0x000000011f426000, 0x0000000120426000)

Polling page: 0x000000010df9b000

CodeCache: size=245760Kb used=27101Kb max_used=27179Kb free=218658Kb
 bounds [0x000000010e903000, 0x00000001103e3000, 0x000000011d903000]
 total_blobs=8720 nmethods=8036 adapters=596
 compilation: enabled

Compilation events (10 events):
Event: 677.814 Thread 0x00007feb4b839000 nmethod 9990% 0x000000010ecf8a90 code [0x000000010ecf8ca0, 0x000000010ecf9888]
Event: 677.826 Thread 0x00007feb4b839000 9992       3       org.gradle.util.GUtil::toWords (188 bytes)
Event: 677.829 Thread 0x00007feb4b839000 nmethod 9992 0x0000000110157350 code [0x0000000110157720, 0x0000000110159dc8]
Event: 677.830 Thread 0x00007feb4b839000 9993       3       com.sun.org.apache.xerces.internal.impl.XMLEntityScanner::setEncoding (251 bytes)
Event: 677.831 Thread 0x00007feb4b839000 nmethod 9993 0x000000011013eb50 code [0x000000011013ede0, 0x000000011013fd08]
Event: 677.833 Thread 0x00007feb4b839000 9991       3       org.gradle.util.GUtil::toWords (7 bytes)
Event: 677.834 Thread 0x00007feb4b839000 nmethod 9991 0x000000010ef3f1d0 code [0x000000010ef3f340, 0x000000010ef3f4a8]
Event: 677.856 Thread 0x00007feb4b839000 9995       3       com.sun.org.apache.xerces.internal.parsers.XML11Configuration::reset (41 bytes)
Event: 677.856 Thread 0x00007feb4b839000 nmethod 9995 0x000000010f578710 code [0x000000010f5788e0, 0x000000010f5790e8]
Event: 677.860 Thread 0x00007feb4b839000 9996   !   3       org.gradle.internal.reflect.DirectInstantiator::newInstance (180 bytes)

GC Heap History (10 events):
Event: 339.476 GC heap before
{Heap before GC invocations=20 (full 4):
 PSYoungGen      total 320000K, used 74881K [0x00000007aab00000, 0x00000007c0000000, 0x00000007c0000000)
  eden space 290816K, 22% used [0x00000007aab00000,0x00000007aeab72f0,0x00000007bc700000)
  from space 29184K, 33% used [0x00000007bc700000,0x00000007bd069368,0x00000007be380000)
  to   space 29184K, 0% used [0x00000007be380000,0x00000007be380000,0x00000007c0000000)
 ParOldGen       total 173568K, used 88475K [0x0000000780000000, 0x000000078a980000, 0x00000007aab00000)
  object space 173568K, 50% used [0x0000000780000000,0x0000000785666f28,0x000000078a980000)
 Metaspace       used 69967K, capacity 73056K, committed 73344K, reserved 1112064K
  class space    used 9621K, capacity 10762K, committed 10880K, reserved 1048576K
Event: 339.516 GC heap after
Heap after GC invocations=20 (full 4):
 PSYoungGen      total 301568K, used 5862K [0x00000007aab00000, 0x00000007c0000000, 0x00000007c0000000)
  eden space 272384K, 0% used [0x00000007aab00000,0x00000007aab00000,0x00000007bb500000)
  from space 29184K, 20% used [0x00000007be380000,0x00000007be939900,0x00000007c0000000)
  to   space 38400K, 0% used [0x00000007bb500000,0x00000007bb500000,0x00000007bda80000)
 ParOldGen       total 173568K, used 97979K [0x0000000780000000, 0x000000078a980000, 0x00000007aab00000)
  object space 173568K, 56% used [0x0000000780000000,0x0000000785faeda8,0x000000078a980000)
 Metaspace       used 69967K, capacity 73056K, committed 73344K, reserved 1112064K
  class space    used 9621K, capacity 10762K, committed 10880K, reserved 1048576K
}
Event: 339.516 GC heap before
{Heap before GC invocations=21 (full 5):
 PSYoungGen      total 301568K, used 5862K [0x00000007aab00000, 0x00000007c0000000, 0x00000007c0000000)
  eden space 272384K, 0% used [0x00000007aab00000,0x00000007aab00000,0x00000007bb500000)
  from space 29184K, 20% used [0x00000007be380000,0x00000007be939900,0x00000007c0000000)
  to   space 38400K, 0% used [0x00000007bb500000,0x00000007bb500000,0x00000007bda80000)
 ParOldGen       total 173568K, used 97979K [0x0000000780000000, 0x000000078a980000, 0x00000007aab00000)
  object space 173568K, 56% used [0x0000000780000000,0x0000000785faeda8,0x000000078a980000)
 Metaspace       used 69967K, capacity 73056K, committed 73344K, reserved 1112064K
  class space    used 9621K, capacity 10762K, committed 10880K, reserved 1048576K
Event: 339.898 GC heap after
Heap after GC invocations=21 (full 5):
 PSYoungGen      total 301568K, used 0K [0x00000007aab00000, 0x00000007c0000000, 0x00000007c0000000)
  eden space 272384K, 0% used [0x00000007aab00000,0x00000007aab00000,0x00000007bb500000)
  from space 29184K, 0% used [0x00000007be380000,0x00000007be380000,0x00000007c0000000)
  to   space 38400K, 0% used [0x00000007bb500000,0x00000007bb500000,0x00000007bda80000)
 ParOldGen       total 173568K, used 91080K [0x0000000780000000, 0x000000078a980000, 0x00000007aab00000)
  object space 173568K, 52% used [0x0000000780000000,0x00000007858f21c0,0x000000078a980000)
 Metaspace       used 69967K, capacity 73056K, committed 73344K, reserved 1112064K
  class space    used 9621K, capacity 10762K, committed 10880K, reserved 1048576K
}
Event: 503.367 GC heap before
{Heap before GC invocations=22 (full 5):
 PSYoungGen      total 301568K, used 247297K [0x00000007aab00000, 0x00000007c0000000, 0x00000007c0000000)
  eden space 272384K, 90% used [0x00000007aab00000,0x00000007b9c80798,0x00000007bb500000)
  from space 29184K, 0% used [0x00000007be380000,0x00000007be380000,0x00000007c0000000)
  to   space 38400K, 0% used [0x00000007bb500000,0x00000007bb500000,0x00000007bda80000)
 ParOldGen       total 173568K, used 91080K [0x0000000780000000, 0x000000078a980000, 0x00000007aab00000)
  object space 173568K, 52% used [0x0000000780000000,0x00000007858f21c0,0x000000078a980000)
 Metaspace       used 77591K, capacity 81378K, committed 81536K, reserved 1118208K
  class space    used 10712K, capacity 12071K, committed 12160K, reserved 1048576K
Event: 503.394 GC heap after
Heap after GC invocations=22 (full 5):
 PSYoungGen      total 295424K, used 22724K [0x00000007aab00000, 0x00000007c0000000, 0x00000007c0000000)
  eden space 272384K, 0% used [0x00000007aab00000,0x00000007aab00000,0x00000007bb500000)
  from space 23040K, 98% used [0x00000007bb500000,0x00000007bcb31368,0x00000007bcb80000)
  to   space 38912K, 0% used [0x00000007bda00000,0x00000007bda00000,0x00000007c0000000)
 ParOldGen       total 173568K, used 91088K [0x0000000780000000, 0x000000078a980000, 0x00000007aab00000)
  object space 173568K, 52% used [0x0000000780000000,0x00000007858f41c0,0x000000078a980000)
 Metaspace       used 77591K, capacity 81378K, committed 81536K, reserved 1118208K
  class space    used 10712K, capacity 12071K, committed 12160K, reserved 1048576K
}
Event: 503.394 GC heap before
{Heap before GC invocations=23 (full 6):
 PSYoungGen      total 295424K, used 22724K [0x00000007aab00000, 0x00000007c0000000, 0x00000007c0000000)
  eden space 272384K, 0% used [0x00000007aab00000,0x00000007aab00000,0x00000007bb500000)
  from space 23040K, 98% used [0x00000007bb500000,0x00000007bcb31368,0x00000007bcb80000)
  to   space 38912K, 0% used [0x00000007bda00000,0x00000007bda00000,0x00000007c0000000)
 ParOldGen       total 173568K, used 91088K [0x0000000780000000, 0x000000078a980000, 0x00000007aab00000)
  object space 173568K, 52% used [0x0000000780000000,0x00000007858f41c0,0x000000078a980000)
 Metaspace       used 77591K, capacity 81378K, committed 81536K, reserved 1118208K
  class space    used 10712K, capacity 12071K, committed 12160K, reserved 1048576K
Event: 504.039 GC heap after
Heap after GC invocations=23 (full 6):
 PSYoungGen      total 295424K, used 0K [0x00000007aab00000, 0x00000007c0000000, 0x00000007c0000000)
  eden space 272384K, 0% used [0x00000007aab00000,0x00000007aab00000,0x00000007bb500000)
  from space 23040K, 0% used [0x00000007bb500000,0x00000007bb500000,0x00000007bcb80000)
  to   space 38912K, 0% used [0x00000007bda00000,0x00000007bda00000,0x00000007c0000000)
 ParOldGen       total 173568K, used 112474K [0x0000000780000000, 0x000000078a980000, 0x00000007aab00000)
  object space 173568K, 64% used [0x0000000780000000,0x0000000786dd6860,0x000000078a980000)
 Metaspace       used 77591K, capacity 81378K, committed 81536K, reserved 1118208K
  class space    used 10712K, capacity 12071K, committed 12160K, reserved 1048576K
}
Event: 677.713 GC heap before
{Heap before GC invocations=24 (full 6):
 PSYoungGen      total 295424K, used 272384K [0x00000007aab00000, 0x00000007c0000000, 0x00000007c0000000)
  eden space 272384K, 100% used [0x00000007aab00000,0x00000007bb500000,0x00000007bb500000)
  from space 23040K, 0% used [0x00000007bb500000,0x00000007bb500000,0x00000007bcb80000)
  to   space 38912K, 0% used [0x00000007bda00000,0x00000007bda00000,0x00000007c0000000)
 ParOldGen       total 173568K, used 112474K [0x0000000780000000, 0x000000078a980000, 0x00000007aab00000)
  object space 173568K, 64% used [0x0000000780000000,0x0000000786dd6860,0x000000078a980000)
 Metaspace       used 85401K, capacity 89978K, committed 90112K, reserved 1126400K
  class space    used 11835K, capacity 13505K, committed 13568K, reserved 1048576K
Event: 677.739 GC heap after
Heap after GC invocations=24 (full 6):
 PSYoungGen      total 308224K, used 24459K [0x00000007aab00000, 0x00000007c0000000, 0x00000007c0000000)
  eden space 269312K, 0% used [0x00000007aab00000,0x00000007aab00000,0x00000007bb200000)
  from space 38912K, 62% used [0x00000007bda00000,0x00000007bf1e2cb0,0x00000007c0000000)
  to   space 39936K, 0% used [0x00000007bb200000,0x00000007bb200000,0x00000007bd900000)
 ParOldGen       total 173568K, used 112482K [0x0000000780000000, 0x000000078a980000, 0x00000007aab00000)
  object space 173568K, 64% used [0x0000000780000000,0x0000000786dd8860,0x000000078a980000)
 Metaspace       used 85401K, capacity 89978K, committed 90112K, reserved 1126400K
  class space    used 11835K, capacity 13505K, committed 13568K, reserved 1048576K
}

Deoptimization events (10 events):
Event: 501.294 Thread 0x00007feb4f56f800 Uncommon trap: reason=null_check action=make_not_entrant pc=0x000000011007a084 method=org.gradle.api.internal.AbstractClassGenerator.generateUnderLock(Ljava/lang/Class;)Ljava/lang/Class; @ 789
Event: 502.470 Thread 0x00007feb4f56f800 Uncommon trap: reason=null_check action=make_not_entrant pc=0x000000011014d96c method=java.beans.PropertyDescriptor.findPropertyType(Ljava/lang/reflect/Method;Ljava/lang/reflect/Method;)Ljava/lang/Class; @ 157
Event: 502.481 Thread 0x00007feb4f56f800 Uncommon trap: reason=predicate action=maybe_recompile pc=0x000000010f896838 method=java.util.TimSort.binarySort([Ljava/lang/Object;IIILjava/util/Comparator;)V @ 37
Event: 502.531 Thread 0x00007feb4f56f800 Uncommon trap: reason=array_check action=maybe_recompile pc=0x000000011013f528 method=java.util.TimSort.binarySort([Ljava/lang/Object;IIILjava/util/Comparator;)V @ 183
Event: 502.531 Thread 0x00007feb4f56f800 Uncommon trap: reason=array_check action=maybe_recompile pc=0x000000011013f424 method=java.util.TimSort.binarySort([Ljava/lang/Object;IIILjava/util/Comparator;)V @ 193
Event: 502.551 Thread 0x00007feb4f56f800 Uncommon trap: reason=array_check action=maybe_recompile pc=0x000000011013f528 method=java.util.TimSort.binarySort([Ljava/lang/Object;IIILjava/util/Comparator;)V @ 183
Event: 502.551 Thread 0x00007feb4f56f800 Uncommon trap: reason=array_check action=maybe_recompile pc=0x000000011013f528 method=java.util.TimSort.binarySort([Ljava/lang/Object;IIILjava/util/Comparator;)V @ 183
Event: 502.665 Thread 0x00007feb4f56f800 Uncommon trap: reason=array_check action=maybe_recompile pc=0x00000001101646e8 method=java.util.TimSort.binarySort([Ljava/lang/Object;IIILjava/util/Comparator;)V @ 215
Event: 502.665 Thread 0x00007feb4f56f800 Uncommon trap: reason=array_check action=maybe_recompile pc=0x00000001101646e8 method=java.util.TimSort.binarySort([Ljava/lang/Object;IIILjava/util/Comparator;)V @ 215
Event: 547.404 Thread 0x00007feb4f56f800 Uncommon trap: reason=null_check action=make_not_entrant pc=0x000000011026bfa8 method=com.sun.org.apache.xerces.internal.dom.ElementImpl.getDefaultAttributes()Lcom/sun/org/apache/xerces/internal/dom/NamedNodeMapImpl; @ 7

Internal exceptions (10 events):
Event: 677.590 Thread 0x00007feb4dca5800 Exception <a 'java/lang/ClassNotFoundException': build_3ttoufcymkino49vcg9k2pz6qCustomizer> (0x00000007baa33a40) thrown at [/HUDSON3/workspace/8-2-build-macosx-x86_64/jdk8u25/1514/hotspot/src/share/vm/classfile/systemDictionary.cpp, line 202]
Event: 677.593 Thread 0x00007feb4dca5800 Exception <a 'java/security/PrivilegedActionException'> (0x00000007baa6b848) thrown at [/HUDSON3/workspace/8-2-build-macosx-x86_64/jdk8u25/1514/hotspot/src/share/vm/prims/jvm.cpp, line 1312]
Event: 677.593 Thread 0x00007feb4dca5800 Exception <a 'java/security/PrivilegedActionException'> (0x00000007baa6c820) thrown at [/HUDSON3/workspace/8-2-build-macosx-x86_64/jdk8u25/1514/hotspot/src/share/vm/prims/jvm.cpp, line 1312]
Event: 677.593 Thread 0x00007feb4dca5800 Exception <a 'java/security/PrivilegedActionException'> (0x00000007baa73f48) thrown at [/HUDSON3/workspace/8-2-build-macosx-x86_64/jdk8u25/1514/hotspot/src/share/vm/prims/jvm.cpp, line 1312]
Event: 677.594 Thread 0x00007feb4dca5800 Exception <a 'java/security/PrivilegedActionException'> (0x00000007baa7c370) thrown at [/HUDSON3/workspace/8-2-build-macosx-x86_64/jdk8u25/1514/hotspot/src/share/vm/prims/jvm.cpp, line 1312]
Event: 677.594 Thread 0x00007feb4dca5800 Exception <a 'java/security/PrivilegedActionException'> (0x00000007baa7d3d8) thrown at [/HUDSON3/workspace/8-2-build-macosx-x86_64/jdk8u25/1514/hotspot/src/share/vm/prims/jvm.cpp, line 1312]
Event: 677.594 Thread 0x00007feb4dca5800 Exception <a 'java/security/PrivilegedActionException'> (0x00000007baa85768) thrown at [/HUDSON3/workspace/8-2-build-macosx-x86_64/jdk8u25/1514/hotspot/src/share/vm/prims/jvm.cpp, line 1312]
Event: 677.595 Thread 0x00007feb4dca5800 Exception <a 'java/security/PrivilegedActionException'> (0x00000007baa8e000) thrown at [/HUDSON3/workspace/8-2-build-macosx-x86_64/jdk8u25/1514/hotspot/src/share/vm/prims/jvm.cpp, line 1312]
Event: 677.596 Thread 0x00007feb4dca5800 Exception <a 'java/security/PrivilegedActionException'> (0x00000007baa8f068) thrown at [/HUDSON3/workspace/8-2-build-macosx-x86_64/jdk8u25/1514/hotspot/src/share/vm/prims/jvm.cpp, line 1312]
Event: 677.596 Thread 0x00007feb4dca5800 Exception <a 'java/security/PrivilegedActionException'> (0x00000007baa973f8) thrown at [/HUDSON3/workspace/8-2-build-macosx-x86_64/jdk8u25/1514/hotspot/src/share/vm/prims/jvm.cpp, line 1312]

Events (10 events):
Event: 677.746 Executing VM operation: RevokeBias done
Event: 677.746 Executing VM operation: RevokeBias
Event: 677.746 Executing VM operation: RevokeBias done
Event: 677.746 Executing VM operation: RevokeBias
Event: 677.746 Executing VM operation: RevokeBias done
Event: 677.746 Executing VM operation: BulkRevokeBias
Event: 677.746 Executing VM operation: BulkRevokeBias done
Event: 677.829 Thread 0x00007feb4b839000 flushing nmethod 0x000000010f4ee190
Event: 677.829 Thread 0x00007feb4b839000 flushing nmethod 0x000000010f597050
Event: 677.857 Thread 0x00007feb4b839000 flushing nmethod 0x000000010f87c750


Dynamic libraries:
0x000000000b8b1000 	/System/Library/Frameworks/Cocoa.framework/Versions/A/Cocoa
0x000000000b8b1000 	/System/Library/Frameworks/Security.framework/Versions/A/Security
0x000000000b8b1000 	/System/Library/Frameworks/ApplicationServices.framework/Versions/A/ApplicationServices
0x000000000b8b1000 	/usr/lib/libz.1.dylib
0x000000000b8b1000 	/usr/lib/libSystem.B.dylib
0x000000000b8b1000 	/usr/lib/libobjc.A.dylib
0x000000000b8b1000 	/System/Library/Frameworks/CoreFoundation.framework/Versions/A/CoreFoundation
0x000000000b8b1000 	/System/Library/Frameworks/Foundation.framework/Versions/C/Foundation
0x000000000b8b1000 	/System/Library/Frameworks/AppKit.framework/Versions/C/AppKit
0x000000000b8b1000 	/System/Library/Frameworks/CoreData.framework/Versions/A/CoreData
0x000000000b8b1000 	/System/Library/PrivateFrameworks/RemoteViewServices.framework/Versions/A/RemoteViewServices
0x000000000b8b1000 	/System/Library/PrivateFrameworks/UIFoundation.framework/Versions/A/UIFoundation
0x000000000b8b1000 	/System/Library/Frameworks/IOSurface.framework/Versions/A/IOSurface
0x000000000b8b1000 	/System/Library/Frameworks/AudioToolbox.framework/Versions/A/AudioToolbox
0x000000000b8b1000 	/System/Library/Frameworks/AudioUnit.framework/Versions/A/AudioUnit
0x000000000b8b1000 	/System/Library/PrivateFrameworks/DataDetectorsCore.framework/Versions/A/DataDetectorsCore
0x000000000b8b1000 	/System/Library/PrivateFrameworks/DesktopServicesPriv.framework/Versions/A/DesktopServicesPriv
0x000000000b8b1000 	/System/Library/Frameworks/Carbon.framework/Versions/A/Frameworks/HIToolbox.framework/Versions/A/HIToolbox
0x000000000b8b1000 	/System/Library/Frameworks/QuartzCore.framework/Versions/A/QuartzCore
0x000000000b8b1000 	/System/Library/Frameworks/Carbon.framework/Versions/A/Frameworks/SpeechRecognition.framework/Versions/A/SpeechRecognition
0x000000000b8b1000 	/usr/lib/libauto.dylib
0x000000000b8b1000 	/usr/lib/libicucore.A.dylib
0x000000000b8b1000 	/usr/lib/libxml2.2.dylib
0x000000000b8b1000 	/System/Library/PrivateFrameworks/CoreUI.framework/Versions/A/CoreUI
0x000000000b8b1000 	/System/Library/Frameworks/CoreAudio.framework/Versions/A/CoreAudio
0x000000000b8b1000 	/System/Library/Frameworks/DiskArbitration.framework/Versions/A/DiskArbitration
0x000000000b8b1000 	/usr/lib/liblangid.dylib
0x000000000b8b1000 	/System/Library/PrivateFrameworks/MultitouchSupport.framework/Versions/A/MultitouchSupport
0x000000000b8b1000 	/System/Library/Frameworks/IOKit.framework/Versions/A/IOKit
0x000000000b8b1000 	/usr/lib/libDiagnosticMessagesClient.dylib
0x000000000b8b1000 	/System/Library/Frameworks/CoreServices.framework/Versions/A/CoreServices
0x000000000b8b1000 	/System/Library/PrivateFrameworks/PerformanceAnalysis.framework/Versions/A/PerformanceAnalysis
0x000000000b8b1000 	/System/Library/PrivateFrameworks/GenerationalStorage.framework/Versions/A/GenerationalStorage
0x000000000b8b1000 	/System/Library/Frameworks/OpenGL.framework/Versions/A/OpenGL
0x000000000b8b1000 	/System/Library/PrivateFrameworks/Sharing.framework/Versions/A/Sharing
0x000000000b8b1000 	/System/Library/Frameworks/CoreGraphics.framework/Versions/A/CoreGraphics
0x000000000b8b1000 	/System/Library/Frameworks/CoreText.framework/Versions/A/CoreText
0x000000000b8b1000 	/System/Library/Frameworks/ImageIO.framework/Versions/A/ImageIO
0x000000000b8b1000 	/usr/lib/libextension.dylib
0x000000000b8b1000 	/System/Library/PrivateFrameworks/Backup.framework/Versions/A/Backup
0x000000000b8b1000 	/usr/lib/libarchive.2.dylib
0x000000000b8b1000 	/System/Library/Frameworks/CFNetwork.framework/Versions/A/CFNetwork
0x000000000b8b1000 	/System/Library/Frameworks/SystemConfiguration.framework/Versions/A/SystemConfiguration
0x000000000b8b1000 	/usr/lib/libCRFSuite.dylib
0x000000000b8b1000 	/usr/lib/libc++.1.dylib
0x000000000b8b1000 	/usr/lib/libc++abi.dylib
0x000000000b8b1000 	/usr/lib/system/libcache.dylib
0x000000000b8b1000 	/usr/lib/system/libcommonCrypto.dylib
0x000000000b8b1000 	/usr/lib/system/libcompiler_rt.dylib
0x000000000b8b1000 	/usr/lib/system/libcopyfile.dylib
0x000000000b8b1000 	/usr/lib/system/libcorecrypto.dylib
0x000000000b8b1000 	/usr/lib/system/libdispatch.dylib
0x000000000b8b1000 	/usr/lib/system/libdyld.dylib
0x000000000b8b1000 	/usr/lib/system/libkeymgr.dylib
0x000000000b8b1000 	/usr/lib/system/liblaunch.dylib
0x000000000b8b1000 	/usr/lib/system/libmacho.dylib
0x000000000b8b1000 	/usr/lib/system/libquarantine.dylib
0x000000000b8b1000 	/usr/lib/system/libremovefile.dylib
0x000000000b8b1000 	/usr/lib/system/libsystem_asl.dylib
0x000000000b8b1000 	/usr/lib/system/libsystem_blocks.dylib
0x000000000b8b1000 	/usr/lib/system/libsystem_c.dylib
0x000000000b8b1000 	/usr/lib/system/libsystem_configuration.dylib
0x000000000b8b1000 	/usr/lib/system/libsystem_coreservices.dylib
0x000000000b8b1000 	/usr/lib/system/libsystem_coretls.dylib
0x000000000b8b1000 	/usr/lib/system/libsystem_dnssd.dylib
0x000000000b8b1000 	/usr/lib/system/libsystem_info.dylib
0x000000000b8b1000 	/usr/lib/system/libsystem_kernel.dylib
0x000000000b8b1000 	/usr/lib/system/libsystem_m.dylib
0x000000000b8b1000 	/usr/lib/system/libsystem_malloc.dylib
0x000000000b8b1000 	/usr/lib/system/libsystem_network.dylib
0x000000000b8b1000 	/usr/lib/system/libsystem_networkextension.dylib
0x000000000b8b1000 	/usr/lib/system/libsystem_notify.dylib
0x000000000b8b1000 	/usr/lib/system/libsystem_platform.dylib
0x000000000b8b1000 	/usr/lib/system/libsystem_pthread.dylib
0x000000000b8b1000 	/usr/lib/system/libsystem_sandbox.dylib
0x000000000b8b1000 	/usr/lib/system/libsystem_secinit.dylib
0x000000000b8b1000 	/usr/lib/system/libsystem_stats.dylib
0x000000000b8b1000 	/usr/lib/system/libsystem_trace.dylib
0x000000000b8b1000 	/usr/lib/system/libunc.dylib
0x000000000b8b1000 	/usr/lib/system/libunwind.dylib
0x000000000b8b1000 	/usr/lib/system/libxpc.dylib
0x000000000b8b1000 	/usr/lib/libbz2.1.0.dylib
0x000000000b8b1000 	/usr/lib/liblzma.5.dylib
0x000000000b8b1000 	/usr/lib/libbsm.0.dylib
0x000000000b8b1000 	/usr/lib/libsqlite3.dylib
0x000000000b8b1000 	/usr/lib/system/libkxld.dylib
0x000000000b8b1000 	/usr/lib/libxar.1.dylib
0x000000000b8b1000 	/usr/lib/libpam.2.dylib
0x000000000b8b1000 	/usr/lib/libOpenScriptingUtil.dylib
0x000000000b8b1000 	/System/Library/Frameworks/CoreServices.framework/Versions/A/Frameworks/FSEvents.framework/Versions/A/FSEvents
0x000000000b8b1000 	/System/Library/Frameworks/CoreServices.framework/Versions/A/Frameworks/CarbonCore.framework/Versions/A/CarbonCore
0x000000000b8b1000 	/System/Library/Frameworks/CoreServices.framework/Versions/A/Frameworks/Metadata.framework/Versions/A/Metadata
0x000000000b8b1000 	/System/Library/Frameworks/CoreServices.framework/Versions/A/Frameworks/OSServices.framework/Versions/A/OSServices
0x000000000b8b1000 	/System/Library/Frameworks/CoreServices.framework/Versions/A/Frameworks/SearchKit.framework/Versions/A/SearchKit
0x000000000b8b1000 	/System/Library/Frameworks/CoreServices.framework/Versions/A/Frameworks/AE.framework/Versions/A/AE
0x000000000b8b1000 	/System/Library/Frameworks/CoreServices.framework/Versions/A/Frameworks/LaunchServices.framework/Versions/A/LaunchServices
0x000000000b8b1000 	/System/Library/Frameworks/CoreServices.framework/Versions/A/Frameworks/DictionaryServices.framework/Versions/A/DictionaryServices
0x000000000b8b1000 	/System/Library/Frameworks/NetFS.framework/Versions/A/NetFS
0x000000000b8b1000 	/System/Library/PrivateFrameworks/NetAuth.framework/Versions/A/NetAuth
0x000000000b8b1000 	/System/Library/PrivateFrameworks/login.framework/Versions/A/Frameworks/loginsupport.framework/Versions/A/loginsupport
0x000000000b8b1000 	/System/Library/PrivateFrameworks/TCC.framework/Versions/A/TCC
0x000000000b8b1000 	/usr/lib/libmecabra.dylib
0x000000000b8b1000 	/System/Library/Frameworks/ApplicationServices.framework/Versions/A/Frameworks/ATS.framework/Versions/A/ATS
0x000000000b8b1000 	/System/Library/Frameworks/ApplicationServices.framework/Versions/A/Frameworks/ColorSync.framework/Versions/A/ColorSync
0x000000000b8b1000 	/System/Library/Frameworks/ApplicationServices.framework/Versions/A/Frameworks/HIServices.framework/Versions/A/HIServices
0x000000000b8b1000 	/System/Library/Frameworks/ApplicationServices.framework/Versions/A/Frameworks/LangAnalysis.framework/Versions/A/LangAnalysis
0x000000000b8b1000 	/System/Library/Frameworks/ApplicationServices.framework/Versions/A/Frameworks/PrintCore.framework/Versions/A/PrintCore
0x000000000b8b1000 	/System/Library/Frameworks/ApplicationServices.framework/Versions/A/Frameworks/QD.framework/Versions/A/QD
0x000000000b8b1000 	/System/Library/Frameworks/ApplicationServices.framework/Versions/A/Frameworks/SpeechSynthesis.framework/Versions/A/SpeechSynthesis
0x000000000b8b1000 	/System/Library/Frameworks/Accelerate.framework/Versions/A/Accelerate
0x000000000b8b1000 	/System/Library/Frameworks/Accelerate.framework/Versions/A/Frameworks/vImage.framework/Versions/A/vImage
0x000000000b8b1000 	/System/Library/Frameworks/Accelerate.framework/Versions/A/Frameworks/vecLib.framework/Versions/A/vecLib
0x000000000b8b1000 	/System/Library/Frameworks/Accelerate.framework/Versions/A/Frameworks/vecLib.framework/Versions/A/libvDSP.dylib
0x000000000b8b1000 	/System/Library/Frameworks/Accelerate.framework/Versions/A/Frameworks/vecLib.framework/Versions/A/libvMisc.dylib
0x000000000b8b1000 	/System/Library/Frameworks/Accelerate.framework/Versions/A/Frameworks/vecLib.framework/Versions/A/libLAPACK.dylib
0x000000000b8b1000 	/System/Library/Frameworks/Accelerate.framework/Versions/A/Frameworks/vecLib.framework/Versions/A/libBLAS.dylib
0x000000000b8b1000 	/System/Library/Frameworks/Accelerate.framework/Versions/A/Frameworks/vecLib.framework/Versions/A/libLinearAlgebra.dylib
0x000000000b8b1000 	/System/Library/Frameworks/ApplicationServices.framework/Versions/A/Frameworks/ATS.framework/Versions/A/Resources/libFontParser.dylib
0x000000000b8b1000 	/System/Library/Frameworks/ApplicationServices.framework/Versions/A/Frameworks/ATS.framework/Versions/A/Resources/libFontRegistry.dylib
0x000000000b8b1000 	/System/Library/PrivateFrameworks/AppleVPA.framework/Versions/A/AppleVPA
0x000000000b8b1000 	/System/Library/PrivateFrameworks/AppleJPEG.framework/Versions/A/AppleJPEG
0x000000000b8b1000 	/System/Library/Frameworks/ImageIO.framework/Versions/A/Resources/libJPEG.dylib
0x000000000b8b1000 	/System/Library/Frameworks/ImageIO.framework/Versions/A/Resources/libTIFF.dylib
0x000000000b8b1000 	/System/Library/Frameworks/ImageIO.framework/Versions/A/Resources/libPng.dylib
0x000000000b8b1000 	/System/Library/Frameworks/ImageIO.framework/Versions/A/Resources/libGIF.dylib
0x000000000b8b1000 	/System/Library/Frameworks/ImageIO.framework/Versions/A/Resources/libJP2.dylib
0x000000000b8b1000 	/System/Library/Frameworks/ImageIO.framework/Versions/A/Resources/libRadiance.dylib
0x000000000b8b1000 	/System/Library/Frameworks/CoreVideo.framework/Versions/A/CoreVideo
0x000000000b8b1000 	/System/Library/Frameworks/OpenGL.framework/Versions/A/Libraries/libGLU.dylib
0x000000000b8b1000 	/System/Library/Frameworks/OpenGL.framework/Versions/A/Libraries/libGFXShared.dylib
0x000000000b8b1000 	/System/Library/Frameworks/OpenGL.framework/Versions/A/Libraries/libGL.dylib
0x000000000b8b1000 	/System/Library/Frameworks/OpenGL.framework/Versions/A/Libraries/libGLImage.dylib
0x000000000b8b1000 	/System/Library/Frameworks/OpenGL.framework/Versions/A/Libraries/libCVMSPluginSupport.dylib
0x000000000b8b1000 	/System/Library/Frameworks/OpenGL.framework/Versions/A/Libraries/libCoreVMClient.dylib
0x000000000b8b1000 	/usr/lib/libcups.2.dylib
0x000000000b8b1000 	/System/Library/Frameworks/Kerberos.framework/Versions/A/Kerberos
0x000000000b8b1000 	/System/Library/Frameworks/GSS.framework/Versions/A/GSS
0x000000000b8b1000 	/usr/lib/libresolv.9.dylib
0x000000000b8b1000 	/usr/lib/libiconv.2.dylib
0x000000000b8b1000 	/System/Library/PrivateFrameworks/Heimdal.framework/Versions/A/Heimdal
0x000000000b8b1000 	/usr/lib/libheimdal-asn1.dylib
0x000000000b8b1000 	/System/Library/Frameworks/OpenDirectory.framework/Versions/A/OpenDirectory
0x000000000b8b1000 	/System/Library/PrivateFrameworks/CommonAuth.framework/Versions/A/CommonAuth
0x000000000b8b1000 	/System/Library/Frameworks/OpenDirectory.framework/Versions/A/Frameworks/CFOpenDirectory.framework/Versions/A/CFOpenDirectory
0x000000000b8b1000 	/System/Library/Frameworks/SecurityFoundation.framework/Versions/A/SecurityFoundation
0x000000000b8b1000 	/System/Library/PrivateFrameworks/LanguageModeling.framework/Versions/A/LanguageModeling
0x000000000b8b1000 	/usr/lib/libcmph.dylib
0x000000000b8b1000 	/System/Library/Frameworks/ServiceManagement.framework/Versions/A/ServiceManagement
0x000000000b8b1000 	/usr/lib/libxslt.1.dylib
0x000000000b8b1000 	/System/Library/Frameworks/Carbon.framework/Versions/A/Frameworks/Ink.framework/Versions/A/Ink
0x000000000b8b1000 	/System/Library/Frameworks/QuartzCore.framework/Versions/A/Frameworks/CoreImage.framework/Versions/A/CoreImage
0x000000000b8b1000 	/System/Library/PrivateFrameworks/CrashReporterSupport.framework/Versions/A/CrashReporterSupport
0x000000000b8b1000 	/System/Library/Frameworks/OpenCL.framework/Versions/A/OpenCL
0x000000000b8b1000 	/System/Library/PrivateFrameworks/FaceCore.framework/Versions/A/FaceCore
0x000000000b8b1000 	/System/Library/PrivateFrameworks/Ubiquity.framework/Versions/A/Ubiquity
0x000000000b8b1000 	/System/Library/PrivateFrameworks/IconServices.framework/Versions/A/IconServices
0x000000000b8b1000 	/System/Library/PrivateFrameworks/ChunkingLibrary.framework/Versions/A/ChunkingLibrary
0x000000000b8b1000 	/System/Library/PrivateFrameworks/Apple80211.framework/Versions/A/Apple80211
0x000000000b8b1000 	/System/Library/Frameworks/CoreWLAN.framework/Versions/A/CoreWLAN
0x000000000b8b1000 	/System/Library/Frameworks/IOBluetooth.framework/Versions/A/IOBluetooth
0x000000000b8b1000 	/System/Library/PrivateFrameworks/CoreWiFi.framework/Versions/A/CoreWiFi
0x000000000b8b1000 	/System/Library/Frameworks/CoreBluetooth.framework/Versions/A/CoreBluetooth
0x000000000b8b1000 	/System/Library/PrivateFrameworks/DebugSymbols.framework/Versions/A/DebugSymbols
0x000000000b8b1000 	/System/Library/PrivateFrameworks/CoreSymbolication.framework/Versions/A/CoreSymbolication
0x000000000b8b1000 	/System/Library/PrivateFrameworks/Symbolication.framework/Versions/A/Symbolication
0x000000000b8b1000 	/System/Library/PrivateFrameworks/SpeechRecognitionCore.framework/Versions/A/SpeechRecognitionCore
0x000000010d026000 	/Library/Java/JavaVirtualMachines/jdk1.8.0_25.jdk/Contents/Home/jre/lib/server/libjvm.dylib
0x000000000b8b1000 	/usr/lib/libstdc++.6.dylib
0x000000010df59000 	/Library/Java/JavaVirtualMachines/jdk1.8.0_25.jdk/Contents/Home/jre/lib/libverify.dylib
0x000000010df67000 	/Library/Java/JavaVirtualMachines/jdk1.8.0_25.jdk/Contents/Home/jre/lib/libjava.dylib
0x000000010dfa5000 	/Library/Java/JavaVirtualMachines/jdk1.8.0_25.jdk/Contents/Home/jre/lib/libzip.dylib
0x00000001223d2000 	/System/Library/Frameworks/JavaVM.framework/Frameworks/JavaRuntimeSupport.framework/JavaRuntimeSupport
0x000000010dfeb000 	/System/Library/Frameworks/JavaVM.framework/Versions/A/Frameworks/JavaNativeFoundation.framework/Versions/A/JavaNativeFoundation
0x00000001223ea000 	/System/Library/Frameworks/JavaVM.framework/Versions/A/JavaVM
0x000000000b8b1000 	/System/Library/Frameworks/Carbon.framework/Versions/A/Carbon
0x00000001223f7000 	/System/Library/PrivateFrameworks/JavaLaunching.framework/Versions/A/JavaLaunching
0x000000000b8b1000 	/System/Library/Frameworks/Carbon.framework/Versions/A/Frameworks/CommonPanels.framework/Versions/A/CommonPanels
0x000000000b8b1000 	/System/Library/Frameworks/Carbon.framework/Versions/A/Frameworks/Help.framework/Versions/A/Help
0x000000000b8b1000 	/System/Library/Frameworks/Carbon.framework/Versions/A/Frameworks/ImageCapture.framework/Versions/A/ImageCapture
0x000000000b8b1000 	/System/Library/Frameworks/Carbon.framework/Versions/A/Frameworks/OpenScripting.framework/Versions/A/OpenScripting
0x000000000b8b1000 	/System/Library/Frameworks/Carbon.framework/Versions/A/Frameworks/Print.framework/Versions/A/Print
0x000000000b8b1000 	/System/Library/Frameworks/Carbon.framework/Versions/A/Frameworks/SecurityHI.framework/Versions/A/SecurityHI
0x0000000124b68000 	/private/var/folders/9c/lwqrqcmn22ncln4qvj9ysx6h0000gn/T/native-platform5574493481251955752dir/libnative-platform.dylib
0x0000000124b6d000 	/Library/Java/JavaVirtualMachines/jdk1.8.0_25.jdk/Contents/Home/jre/lib/libnet.dylib
0x0000000124b84000 	/Library/Java/JavaVirtualMachines/jdk1.8.0_25.jdk/Contents/Home/jre/lib/libnio.dylib

VM Arguments:
jvm_args: -XX:MaxPermSize=256m -XX:+HeapDumpOnOutOfMemoryError -Xmx1024m -Dfile.encoding=UTF-8 -Duser.country=BR -Duser.language=pt -Duser.variant 
java_command: org.gradle.launcher.daemon.bootstrap.GradleDaemon 2.2.1 /Users/diegobezerrasouza/.gradle/daemon 10800000 e0850da9-a298-48ae-8517-5b6ca68b9d5e -XX:MaxPermSize=256m -XX:+HeapDumpOnOutOfMemoryError -Xmx1024m -Dfile.encoding=UTF-8 -Duser.country=BR -Duser.language=pt -Duser.variant
java_class_path (initial): /Users/diegobezerrasouza/.gradle/wrapper/dists/gradle-2.2.1-all/c64ydeuardnfqctvr1gm30w53/gradle-2.2.1/lib/gradle-launcher-2.2.1.jar
Launcher Type: SUN_STANDARD

Environment Variables:
PATH=/usr/bin:/bin:/usr/sbin:/sbin
SHELL=/bin/bash

Signal Handlers:
SIGSEGV: [libjvm.dylib+0x579dc7], sa_mask[0]=11111111011111110111111111111111, sa_flags=SA_ONSTACK|SA_RESTART|SA_SIGINFO
SIGBUS: [libjvm.dylib+0x579dc7], sa_mask[0]=11111111011111110111111111111111, sa_flags=SA_RESTART|SA_SIGINFO
SIGFPE: [libjvm.dylib+0x45b030], sa_mask[0]=11111111011111110111111111111111, sa_flags=SA_RESTART|SA_SIGINFO
SIGPIPE: [libjvm.dylib+0x45b030], sa_mask[0]=11111111011111110111111111111111, sa_flags=SA_RESTART|SA_SIGINFO
SIGXFSZ: [libjvm.dylib+0x45b030], sa_mask[0]=11111111011111110111111111111111, sa_flags=SA_RESTART|SA_SIGINFO
SIGILL: [libjvm.dylib+0x45b030], sa_mask[0]=11111111011111110111111111111111, sa_flags=SA_RESTART|SA_SIGINFO
SIGUSR1: SIG_DFL, sa_mask[0]=00000000000000000000000000000000, sa_flags=none
SIGUSR2: [libjvm.dylib+0x45ab4e], sa_mask[0]=00100000000000000000000000000000, sa_flags=SA_RESTART|SA_SIGINFO
SIGHUP: [libjvm.dylib+0x459121], sa_mask[0]=11111111011111110111111111111111, sa_flags=SA_RESTART|SA_SIGINFO
SIGINT: [libjvm.dylib+0x459121], sa_mask[0]=11111111011111110111111111111111, sa_flags=SA_RESTART|SA_SIGINFO
SIGTERM: [libjvm.dylib+0x459121], sa_mask[0]=11111111011111110111111111111111, sa_flags=SA_RESTART|SA_SIGINFO
SIGQUIT: [libjvm.dylib+0x459121], sa_mask[0]=11111111011111110111111111111111, sa_flags=SA_RESTART|SA_SIGINFO


---------------  S Y S T E M  ---------------

OS:Bsduname:Darwin 14.3.0 Darwin Kernel Version 14.3.0: Mon Mar 23 11:59:05 PDT 2015; root:xnu-2782.20.48~5/RELEASE_X86_64 x86_64
rlimit: STACK 8192k, CORE 0k, NPROC 709, NOFILE 10240, AS infinity
load average:1.90 2.23 2.43

CPU:total 4 (2 cores per cpu, 2 threads per core) family 6 model 58 stepping 9, cmov, cx8, fxsr, mmx, sse, sse2, sse3, ssse3, sse4.1, sse4.2, popcnt, avx, aes, clmul, erms, ht, tsc, tscinvbit, tscinv

Memory: 4k page, physical 8388608k(34416k free)

/proc/meminfo:


vm_info: Java HotSpot(TM) 64-Bit Server VM (25.25-b02) for bsd-amd64 JRE (1.8.0_25-b17), built on Sep 17 2014 16:56:50 by "java_re" with gcc 4.2.1 (Based on Apple Inc. build 5658) (LLVM build 2336.11.00)

time: Wed Apr 22 09:50:06 2015
elapsed time: 677 seconds (0d 0h 11m 17s)

